<?xml version="1.0" encoding="UTF-8"?>
<!-- Generated by org.testng.reporters.JUnitReportReporter -->
<testsuite hostname="DESKTOP-Q85FMBB" name="com.genesislab.corebase.CoreBase" tests="1" failures="0" timestamp="6 Jul 2018 18:21:04 GMT" time="14.147" errors="0">
  <testcase name="Facebook_Login" time="14.147" classname="com.genesislab.corebase.CoreBase"/>
</testsuite> <!-- com.genesislab.corebase.CoreBase -->
